<?xml version="1.0" encoding="UTF-8"?>
<!-- Generated by org.testng.reporters.JUnitReportReporter -->
<testsuite hostname="NIS-PK225s-MacBook-Pro.local" failures="0" tests="4" name="test.Base" time="0.009" errors="0" timestamp="2022-07-25T17:53:05 PKT" skipped="0">
  <testcase classname="test.Base" name="name2" time="0.001"/>
  <system-out/>
  <testcase classname="test.Base" name="name2" time="0.000"/>
  <system-out/>
  <testcase classname="test.Base" name="name" time="0.001"/>
  <system-out/>
  <testcase classname="test.Base" name="name" time="0.007"/>
  <system-out/>
</testsuite> <!-- test.Base -->
