<?xml version="1.0" encoding="UTF-8"?>
<!-- Generated by org.testng.reporters.JUnitReportReporter -->
<testsuite hostname="NIS-PK225s-MacBook-Pro.local" failures="0" tests="1" name="test.Base3" time="0.001" errors="0" timestamp="2022-07-25T18:19:04 PKT" skipped="0">
  <testcase classname="test.Base3" name="MobileLoginPassword" time="0.001"/>
  <system-out/>
</testsuite> <!-- test.Base3 -->
