<?xml version="1.0" encoding="UTF-8"?>
<!-- Generated by org.testng.reporters.JUnitReportReporter -->
<testsuite hostname="NIS-PK225s-MacBook-Pro.local" failures="0" tests="2" name="test.Base2" time="0.001" errors="0" timestamp="2022-07-25T17:28:22 PKT" skipped="0">
  <testcase classname="test.Base2" name="name3" time="0.001"/>
  <system-out/>
  <testcase classname="test.Base2" name="name4" time="0.000"/>
  <system-out/>
</testsuite> <!-- test.Base2 -->
