<?xml version="1.0" encoding="UTF-8"?>
<!-- Generated by org.testng.reporters.JUnitReportReporter -->
<testsuite hostname="NIS-PK225s-MacBook-Pro.local" failures="0" tests="5" name="test.Base2" time="0.012" errors="0" timestamp="2022-07-25T20:21:06 PKT" skipped="1">
  <testcase classname="test.Base2" name="DataProvider" time="0.002"/>
  <system-out/>
  <testcase classname="test.Base2" name="name3" time="0.001"/>
  <system-out/>
  <testcase classname="test.Base2" name="DataProvider" time="0.008"/>
  <system-out/>
  <testcase classname="test.Base2" name="DataProvider" time="0.001"/>
  <system-out/>
  <testcase classname="test.Base2" name="name4">
    <skipped/>
  </testcase> <!-- name4 -->
  <system-out/>
</testsuite> <!-- test.Base2 -->
