<?xml version="1.0" encoding="UTF-8"?>
<!-- Generated by org.testng.reporters.JUnitReportReporter -->
<testsuite hostname="NIS-PK225s-MacBook-Pro.local" failures="0" tests="1" name="test.Base" time="0.011" errors="0" timestamp="2022-07-25T18:19:04 PKT" skipped="0">
  <testcase classname="test.Base" name="name2" time="0.011"/>
  <system-out/>
</testsuite> <!-- test.Base -->
